2025-09-18 16:53:52,662 - INFO - Starting system health monitor (v1). press Ctrl+c to stop.
2025-09-18 16:53:52,664 - INFO - -----New health check cycle-----
2025-09-18 16:53:53,169 - INFO - CPU usage: 0.0%
2025-09-18 16:53:53,171 - INFO - Memory usage: 17.3%
2025-09-18 16:53:53,175 - INFO - Disk usage on /: 3.8%
2025-09-18 16:53:53,177 - INFO - Total processes: 48
2025-09-18 16:53:53,704 - INFO - No high CPU processed detected
2025-09-18 16:53:53,707 - INFO - All checks OK this cycle.
2025-09-18 16:53:53,709 - INFO - ---- Cycle completed ----

2025-09-18 16:53:55,247 - INFO - Monitoring stopped by user.
2025-09-18 16:56:08,809 - INFO - Starting system health monitor (v1). press Ctrl+c to stop.
2025-09-18 16:56:08,813 - INFO - -----New health check cycle-----
2025-09-18 16:56:09,318 - INFO - CPU usage: 0.0%
2025-09-18 16:56:09,320 - INFO - Memory usage: 17.4%
2025-09-18 16:56:09,323 - INFO - Disk usage on /: 3.8%
2025-09-18 16:56:09,327 - INFO - Total processes: 50
2025-09-18 16:56:09,855 - INFO - No high CPU processed detected
2025-09-18 16:56:09,859 - INFO - All checks OK this cycle.
2025-09-18 16:56:09,862 - INFO - ---- Cycle completed ----

2025-09-18 16:56:12,267 - INFO - Monitoring stopped by user.
2025-09-19 16:51:18,773 - INFO - Starting system health monitor (v1). press Ctrl+c to stop.
2025-09-19 16:51:18,779 - INFO - -----New health check cycle-----
2025-09-19 16:51:19,283 - INFO - CPU usage: 1.0%
2025-09-19 16:51:19,286 - INFO - Memory usage: 52.3%
2025-09-19 16:51:19,296 - INFO - Disk usage on /: 3.8%
2025-09-19 16:51:19,301 - INFO - Total processes: 59
2025-09-19 16:51:19,832 - INFO - No high CPU processed detected
2025-09-19 16:51:19,835 - INFO - All checks OK this cycle.
2025-09-19 16:51:19,837 - INFO - ---- Cycle completed ----

2025-09-19 16:51:32,595 - INFO - Monitoring stopped by user.
